
*** Running vivado
    with args -log test_env.vds -m64 -product Vivado -mode batch -messageDb vivado.pb -notrace -source test_env.tcl


****** Vivado v2019.2 (64-bit)
  **** SW Build 2708876 on Wed Nov  6 21:40:23 MST 2019
  **** IP Build 2700528 on Thu Nov  7 00:09:20 MST 2019
    ** Copyright 1986-2019 Xilinx, Inc. All Rights Reserved.

source test_env.tcl -notrace
Command: synth_design -top test_env -part xc7a35tcpg236-1
Starting synth_design
Attempting to get a license for feature 'Synthesis' and/or device 'xc7a35t'
INFO: [Common 17-349] Got license for feature 'Synthesis' and/or device 'xc7a35t'
INFO: [Device 21-403] Loading part xc7a35tcpg236-1
INFO: Launching helper process for spawning children vivado processes
INFO: Helper process launched with PID 8568 
---------------------------------------------------------------------------------
Starting RTL Elaboration : Time (s): cpu = 00:00:05 ; elapsed = 00:00:05 . Memory (MB): peak = 835.563 ; gain = 234.297
---------------------------------------------------------------------------------
INFO: [Synth 8-638] synthesizing module 'test_env' [C:/Users/bianc/Desktop/Facultate/An2/Sem 2/AC/Memorii/Memorii.srcs/sources_1/imports/new/test_env.vhd:45]
INFO: [Synth 8-3491] module 'monoimpuls' declared at 'C:/Users/bianc/Desktop/Facultate/An2/Sem 2/AC/Memorii/Memorii.srcs/sources_1/imports/new/monoimpuls.vhd:36' bound to instance 'M1' of component 'monoimpuls' [C:/Users/bianc/Desktop/Facultate/An2/Sem 2/AC/Memorii/Memorii.srcs/sources_1/imports/new/test_env.vhd:93]
INFO: [Synth 8-638] synthesizing module 'monoimpuls' [C:/Users/bianc/Desktop/Facultate/An2/Sem 2/AC/Memorii/Memorii.srcs/sources_1/imports/new/monoimpuls.vhd:42]
INFO: [Synth 8-256] done synthesizing module 'monoimpuls' (1#1) [C:/Users/bianc/Desktop/Facultate/An2/Sem 2/AC/Memorii/Memorii.srcs/sources_1/imports/new/monoimpuls.vhd:42]
INFO: [Synth 8-3491] module 'SSD' declared at 'C:/Users/bianc/Desktop/Facultate/An2/Sem 2/AC/Memorii/Memorii.srcs/sources_1/imports/new/SSD.vhd:36' bound to instance 'S' of component 'SSD' [C:/Users/bianc/Desktop/Facultate/An2/Sem 2/AC/Memorii/Memorii.srcs/sources_1/imports/new/test_env.vhd:111]
INFO: [Synth 8-638] synthesizing module 'SSD' [C:/Users/bianc/Desktop/Facultate/An2/Sem 2/AC/Memorii/Memorii.srcs/sources_1/imports/new/SSD.vhd:43]
WARNING: [Synth 8-614] signal 'count2' is read in the process but is not in the sensitivity list [C:/Users/bianc/Desktop/Facultate/An2/Sem 2/AC/Memorii/Memorii.srcs/sources_1/imports/new/SSD.vhd:55]
WARNING: [Synth 8-614] signal 'digit' is read in the process but is not in the sensitivity list [C:/Users/bianc/Desktop/Facultate/An2/Sem 2/AC/Memorii/Memorii.srcs/sources_1/imports/new/SSD.vhd:55]
INFO: [Synth 8-256] done synthesizing module 'SSD' (2#1) [C:/Users/bianc/Desktop/Facultate/An2/Sem 2/AC/Memorii/Memorii.srcs/sources_1/imports/new/SSD.vhd:43]
WARNING: [Synth 8-3848] Net led in module/entity test_env does not have driver. [C:/Users/bianc/Desktop/Facultate/An2/Sem 2/AC/Memorii/Memorii.srcs/sources_1/imports/new/test_env.vhd:40]
INFO: [Synth 8-256] done synthesizing module 'test_env' (3#1) [C:/Users/bianc/Desktop/Facultate/An2/Sem 2/AC/Memorii/Memorii.srcs/sources_1/imports/new/test_env.vhd:45]
WARNING: [Synth 8-3331] design test_env has unconnected port led[15]
WARNING: [Synth 8-3331] design test_env has unconnected port led[14]
WARNING: [Synth 8-3331] design test_env has unconnected port led[13]
WARNING: [Synth 8-3331] design test_env has unconnected port led[12]
WARNING: [Synth 8-3331] design test_env has unconnected port led[11]
WARNING: [Synth 8-3331] design test_env has unconnected port led[10]
WARNING: [Synth 8-3331] design test_env has unconnected port led[9]
WARNING: [Synth 8-3331] design test_env has unconnected port led[8]
WARNING: [Synth 8-3331] design test_env has unconnected port led[7]
WARNING: [Synth 8-3331] design test_env has unconnected port led[6]
WARNING: [Synth 8-3331] design test_env has unconnected port led[5]
WARNING: [Synth 8-3331] design test_env has unconnected port led[4]
WARNING: [Synth 8-3331] design test_env has unconnected port led[3]
WARNING: [Synth 8-3331] design test_env has unconnected port led[2]
WARNING: [Synth 8-3331] design test_env has unconnected port led[1]
WARNING: [Synth 8-3331] design test_env has unconnected port led[0]
WARNING: [Synth 8-3331] design test_env has unconnected port btn[4]
WARNING: [Synth 8-3331] design test_env has unconnected port btn[3]
WARNING: [Synth 8-3331] design test_env has unconnected port btn[2]
WARNING: [Synth 8-3331] design test_env has unconnected port btn[1]
WARNING: [Synth 8-3331] design test_env has unconnected port sw[15]
WARNING: [Synth 8-3331] design test_env has unconnected port sw[14]
WARNING: [Synth 8-3331] design test_env has unconnected port sw[13]
WARNING: [Synth 8-3331] design test_env has unconnected port sw[12]
WARNING: [Synth 8-3331] design test_env has unconnected port sw[11]
WARNING: [Synth 8-3331] design test_env has unconnected port sw[10]
WARNING: [Synth 8-3331] design test_env has unconnected port sw[9]
WARNING: [Synth 8-3331] design test_env has unconnected port sw[8]
WARNING: [Synth 8-3331] design test_env has unconnected port sw[7]
WARNING: [Synth 8-3331] design test_env has unconnected port sw[6]
WARNING: [Synth 8-3331] design test_env has unconnected port sw[5]
WARNING: [Synth 8-3331] design test_env has unconnected port sw[4]
WARNING: [Synth 8-3331] design test_env has unconnected port sw[3]
WARNING: [Synth 8-3331] design test_env has unconnected port sw[2]
WARNING: [Synth 8-3331] design test_env has unconnected port sw[1]
---------------------------------------------------------------------------------
Finished RTL Elaboration : Time (s): cpu = 00:00:06 ; elapsed = 00:00:06 . Memory (MB): peak = 907.594 ; gain = 306.328
---------------------------------------------------------------------------------

Report Check Netlist: 
+------+------------------+-------+---------+-------+------------------+
|      |Item              |Errors |Warnings |Status |Description       |
+------+------------------+-------+---------+-------+------------------+
|1     |multi_driven_nets |      0|        0|Passed |Multi driven nets |
+------+------------------+-------+---------+-------+------------------+
---------------------------------------------------------------------------------
Start Handling Custom Attributes
---------------------------------------------------------------------------------
---------------------------------------------------------------------------------
Finished Handling Custom Attributes : Time (s): cpu = 00:00:07 ; elapsed = 00:00:07 . Memory (MB): peak = 907.594 ; gain = 306.328
---------------------------------------------------------------------------------
---------------------------------------------------------------------------------
Finished RTL Optimization Phase 1 : Time (s): cpu = 00:00:07 ; elapsed = 00:00:07 . Memory (MB): peak = 907.594 ; gain = 306.328
---------------------------------------------------------------------------------
Netlist sorting complete. Time (s): cpu = 00:00:00 ; elapsed = 00:00:00.001 . Memory (MB): peak = 907.594 ; gain = 0.000
INFO: [Project 1-570] Preparing netlist for logic optimization

Processing XDC Constraints
Initializing timing engine
Parsing XDC File [C:/Users/bianc/Desktop/Facultate/An2/Sem 2/AC/Memorii/Memorii.srcs/constrs_1/imports/AC_Lab1/Basys3_test_env.xdc.xdc]
Finished Parsing XDC File [C:/Users/bianc/Desktop/Facultate/An2/Sem 2/AC/Memorii/Memorii.srcs/constrs_1/imports/AC_Lab1/Basys3_test_env.xdc.xdc]
INFO: [Project 1-236] Implementation specific constraints were found while reading constraint file [C:/Users/bianc/Desktop/Facultate/An2/Sem 2/AC/Memorii/Memorii.srcs/constrs_1/imports/AC_Lab1/Basys3_test_env.xdc.xdc]. These constraints will be ignored for synthesis but will be used in implementation. Impacted constraints are listed in the file [.Xil/test_env_propImpl.xdc].
Resolution: To avoid this warning, move constraints listed in [.Xil/test_env_propImpl.xdc] to another XDC file and exclude this new file from synthesis with the used_in_synthesis property (File Properties dialog in GUI) and re-run elaboration/synthesis.
Parsing XDC File [C:/Users/bianc/Desktop/Facultate/An2/Sem 2/AC/Memorii/Memorii.srcs/constrs_1/imports/Basys3_test_env.xdc.xdc]
Finished Parsing XDC File [C:/Users/bianc/Desktop/Facultate/An2/Sem 2/AC/Memorii/Memorii.srcs/constrs_1/imports/Basys3_test_env.xdc.xdc]
INFO: [Project 1-236] Implementation specific constraints were found while reading constraint file [C:/Users/bianc/Desktop/Facultate/An2/Sem 2/AC/Memorii/Memorii.srcs/constrs_1/imports/Basys3_test_env.xdc.xdc]. These constraints will be ignored for synthesis but will be used in implementation. Impacted constraints are listed in the file [.Xil/test_env_propImpl.xdc].
Resolution: To avoid this warning, move constraints listed in [.Xil/test_env_propImpl.xdc] to another XDC file and exclude this new file from synthesis with the used_in_synthesis property (File Properties dialog in GUI) and re-run elaboration/synthesis.
Completed Processing XDC Constraints

Netlist sorting complete. Time (s): cpu = 00:00:00 ; elapsed = 00:00:00 . Memory (MB): peak = 981.824 ; gain = 0.000
INFO: [Project 1-111] Unisim Transformation Summary:
No Unisim elements were transformed.

Constraint Validation Runtime : Time (s): cpu = 00:00:00 ; elapsed = 00:00:00.004 . Memory (MB): peak = 981.824 ; gain = 0.000
---------------------------------------------------------------------------------
Finished Constraint Validation : Time (s): cpu = 00:00:14 ; elapsed = 00:00:15 . Memory (MB): peak = 981.824 ; gain = 380.559
---------------------------------------------------------------------------------
---------------------------------------------------------------------------------
Start Loading Part and Timing Information
---------------------------------------------------------------------------------
Loading part: xc7a35tcpg236-1
---------------------------------------------------------------------------------
Finished Loading Part and Timing Information : Time (s): cpu = 00:00:14 ; elapsed = 00:00:15 . Memory (MB): peak = 981.824 ; gain = 380.559
---------------------------------------------------------------------------------
---------------------------------------------------------------------------------
Start Applying 'set_property' XDC Constraints
---------------------------------------------------------------------------------
---------------------------------------------------------------------------------
Finished applying 'set_property' XDC Constraints : Time (s): cpu = 00:00:14 ; elapsed = 00:00:15 . Memory (MB): peak = 981.824 ; gain = 380.559
---------------------------------------------------------------------------------
INFO: [Synth 8-5818] HDL ADVISOR - The operator resource <adder> is shared. To prevent sharing consider applying a KEEP on the output of the operator [C:/Users/bianc/Desktop/Facultate/An2/Sem 2/AC/Memorii/Memorii.srcs/sources_1/imports/new/test_env.vhd:99]
INFO: [Synth 8-5544] ROM "ROM" won't be mapped to Block RAM because address size (4) smaller than threshold (5)
---------------------------------------------------------------------------------
Finished RTL Optimization Phase 2 : Time (s): cpu = 00:00:15 ; elapsed = 00:00:16 . Memory (MB): peak = 981.824 ; gain = 380.559
---------------------------------------------------------------------------------

Report RTL Partitions: 
+-+--------------+------------+----------+
| |RTL Partition |Replication |Instances |
+-+--------------+------------+----------+
+-+--------------+------------+----------+
---------------------------------------------------------------------------------
Start RTL Component Statistics 
---------------------------------------------------------------------------------
Detailed RTL Component Info : 
+---Adders : 
	   2 Input      8 Bit       Adders := 2     
+---Registers : 
	                8 Bit    Registers := 1     
	                1 Bit    Registers := 3     
+---Muxes : 
	  17 Input     16 Bit        Muxes := 1     
	   4 Input      4 Bit        Muxes := 2     
	   2 Input      2 Bit        Muxes := 2     
---------------------------------------------------------------------------------
Finished RTL Component Statistics 
---------------------------------------------------------------------------------
---------------------------------------------------------------------------------
Start RTL Hierarchical Component Statistics 
---------------------------------------------------------------------------------
Hierarchical RTL Component report 
Module test_env 
Detailed RTL Component Info : 
+---Adders : 
	   2 Input      8 Bit       Adders := 2     
+---Registers : 
	                8 Bit    Registers := 1     
+---Muxes : 
	  17 Input     16 Bit        Muxes := 1     
	   2 Input      2 Bit        Muxes := 2     
Module monoimpuls 
Detailed RTL Component Info : 
+---Registers : 
	                1 Bit    Registers := 3     
Module SSD 
Detailed RTL Component Info : 
+---Muxes : 
	   4 Input      4 Bit        Muxes := 2     
---------------------------------------------------------------------------------
Finished RTL Hierarchical Component Statistics
---------------------------------------------------------------------------------
---------------------------------------------------------------------------------
Start Part Resource Summary
---------------------------------------------------------------------------------
Part Resources:
DSPs: 90 (col length:60)
BRAMs: 100 (col length: RAMB18 60 RAMB36 30)
---------------------------------------------------------------------------------
Finished Part Resource Summary
---------------------------------------------------------------------------------
---------------------------------------------------------------------------------
Start Cross Boundary and Area Optimization
---------------------------------------------------------------------------------
Warning: Parallel synthesis criteria is not met 
WARNING: [Synth 8-3331] design test_env has unconnected port led[15]
WARNING: [Synth 8-3331] design test_env has unconnected port led[14]
WARNING: [Synth 8-3331] design test_env has unconnected port led[13]
WARNING: [Synth 8-3331] design test_env has unconnected port led[12]
WARNING: [Synth 8-3331] design test_env has unconnected port led[11]
WARNING: [Synth 8-3331] design test_env has unconnected port led[10]
WARNING: [Synth 8-3331] design test_env has unconnected port led[9]
WARNING: [Synth 8-3331] design test_env has unconnected port led[8]
WARNING: [Synth 8-3331] design test_env has unconnected port led[7]
WARNING: [Synth 8-3331] design test_env has unconnected port led[6]
WARNING: [Synth 8-3331] design test_env has unconnected port led[5]
WARNING: [Synth 8-3331] design test_env has unconnected port led[4]
WARNING: [Synth 8-3331] design test_env has unconnected port led[3]
WARNING: [Synth 8-3331] design test_env has unconnected port led[2]
WARNING: [Synth 8-3331] design test_env has unconnected port led[1]
WARNING: [Synth 8-3331] design test_env has unconnected port led[0]
WARNING: [Synth 8-3331] design test_env has unconnected port btn[4]
WARNING: [Synth 8-3331] design test_env has unconnected port btn[3]
WARNING: [Synth 8-3331] design test_env has unconnected port btn[2]
WARNING: [Synth 8-3331] design test_env has unconnected port btn[1]
WARNING: [Synth 8-3331] design test_env has unconnected port sw[15]
WARNING: [Synth 8-3331] design test_env has unconnected port sw[14]
WARNING: [Synth 8-3331] design test_env has unconnected port sw[13]
WARNING: [Synth 8-3331] design test_env has unconnected port sw[12]
WARNING: [Synth 8-3331] design test_env has unconnected port sw[11]
WARNING: [Synth 8-3331] design test_env has unconnected port sw[10]
WARNING: [Synth 8-3331] design test_env has unconnected port sw[9]
WARNING: [Synth 8-3331] design test_env has unconnected port sw[8]
WARNING: [Synth 8-3331] design test_env has unconnected port sw[7]
WARNING: [Synth 8-3331] design test_env has unconnected port sw[6]
WARNING: [Synth 8-3331] design test_env has unconnected port sw[5]
WARNING: [Synth 8-3331] design test_env has unconnected port sw[4]
WARNING: [Synth 8-3331] design test_env has unconnected port sw[3]
WARNING: [Synth 8-3331] design test_env has unconnected port sw[2]
WARNING: [Synth 8-3331] design test_env has unconnected port sw[1]
---------------------------------------------------------------------------------
Finished Cross Boundary and Area Optimization : Time (s): cpu = 00:00:18 ; elapsed = 00:00:19 . Memory (MB): peak = 981.824 ; gain = 380.559
---------------------------------------------------------------------------------

Report RTL Partitions: 
+-+--------------+------------+----------+
| |RTL Partition |Replication |Instances |
+-+--------------+------------+----------+
+-+--------------+------------+----------+
---------------------------------------------------------------------------------
Start Applying XDC Timing Constraints
---------------------------------------------------------------------------------
---------------------------------------------------------------------------------
Finished Applying XDC Timing Constraints : Time (s): cpu = 00:00:34 ; elapsed = 00:00:35 . Memory (MB): peak = 981.953 ; gain = 380.688
---------------------------------------------------------------------------------
---------------------------------------------------------------------------------
Start Timing Optimization
---------------------------------------------------------------------------------
---------------------------------------------------------------------------------
Finished Timing Optimization : Time (s): cpu = 00:00:34 ; elapsed = 00:00:35 . Memory (MB): peak = 981.953 ; gain = 380.688
---------------------------------------------------------------------------------

Report RTL Partitions: 
+-+--------------+------------+----------+
| |RTL Partition |Replication |Instances |
+-+--------------+------------+----------+
+-+--------------+------------+----------+
---------------------------------------------------------------------------------
Start Technology Mapping
---------------------------------------------------------------------------------
---------------------------------------------------------------------------------
Finished Technology Mapping : Time (s): cpu = 00:00:34 ; elapsed = 00:00:35 . Memory (MB): peak = 993.727 ; gain = 392.461
---------------------------------------------------------------------------------

Report RTL Partitions: 
+-+--------------+------------+----------+
| |RTL Partition |Replication |Instances |
+-+--------------+------------+----------+
+-+--------------+------------+----------+
---------------------------------------------------------------------------------
Start IO Insertion
---------------------------------------------------------------------------------
---------------------------------------------------------------------------------
Start Flattening Before IO Insertion
---------------------------------------------------------------------------------
---------------------------------------------------------------------------------
Finished Flattening Before IO Insertion
---------------------------------------------------------------------------------
---------------------------------------------------------------------------------
Start Final Netlist Cleanup
---------------------------------------------------------------------------------
---------------------------------------------------------------------------------
Finished Final Netlist Cleanup
---------------------------------------------------------------------------------
---------------------------------------------------------------------------------
Finished IO Insertion : Time (s): cpu = 00:00:43 ; elapsed = 00:00:44 . Memory (MB): peak = 1009.543 ; gain = 408.277
---------------------------------------------------------------------------------
---------------------------------------------------------------------------------
Start Renaming Generated Instances
---------------------------------------------------------------------------------
---------------------------------------------------------------------------------
Finished Renaming Generated Instances : Time (s): cpu = 00:00:43 ; elapsed = 00:00:44 . Memory (MB): peak = 1009.543 ; gain = 408.277
---------------------------------------------------------------------------------

Report RTL Partitions: 
+-+--------------+------------+----------+
| |RTL Partition |Replication |Instances |
+-+--------------+------------+----------+
+-+--------------+------------+----------+

Report Check Netlist: 
+------+------------------+-------+---------+-------+------------------+
|      |Item              |Errors |Warnings |Status |Description       |
+------+------------------+-------+---------+-------+------------------+
|1     |multi_driven_nets |      0|        0|Passed |Multi driven nets |
+------+------------------+-------+---------+-------+------------------+
---------------------------------------------------------------------------------
Start Rebuilding User Hierarchy
---------------------------------------------------------------------------------
---------------------------------------------------------------------------------
Finished Rebuilding User Hierarchy : Time (s): cpu = 00:00:43 ; elapsed = 00:00:44 . Memory (MB): peak = 1009.543 ; gain = 408.277
---------------------------------------------------------------------------------
---------------------------------------------------------------------------------
Start Renaming Generated Ports
---------------------------------------------------------------------------------
---------------------------------------------------------------------------------
Finished Renaming Generated Ports : Time (s): cpu = 00:00:43 ; elapsed = 00:00:44 . Memory (MB): peak = 1009.543 ; gain = 408.277
---------------------------------------------------------------------------------
---------------------------------------------------------------------------------
Start Handling Custom Attributes
---------------------------------------------------------------------------------
---------------------------------------------------------------------------------
Finished Handling Custom Attributes : Time (s): cpu = 00:00:43 ; elapsed = 00:00:44 . Memory (MB): peak = 1009.543 ; gain = 408.277
---------------------------------------------------------------------------------
---------------------------------------------------------------------------------
Start Renaming Generated Nets
---------------------------------------------------------------------------------
---------------------------------------------------------------------------------
Finished Renaming Generated Nets : Time (s): cpu = 00:00:43 ; elapsed = 00:00:45 . Memory (MB): peak = 1009.543 ; gain = 408.277
---------------------------------------------------------------------------------
---------------------------------------------------------------------------------
Start Writing Synthesis Report
---------------------------------------------------------------------------------

Report BlackBoxes: 
+-+--------------+----------+
| |BlackBox name |Instances |
+-+--------------+----------+
+-+--------------+----------+

Report Cell Usage: 
+------+-------+------+
|      |Cell   |Count |
+------+-------+------+
|1     |BUFG   |     1|
|2     |CARRY4 |     6|
|3     |LUT1   |     2|
|4     |LUT2   |    11|
|5     |LUT3   |     1|
|6     |LUT4   |     5|
|7     |LUT6   |     7|
|8     |FDRE   |    27|
|9     |IBUF   |     3|
|10    |OBUF   |    11|
|11    |OBUFT  |    16|
+------+-------+------+

Report Instance Areas: 
+------+---------+-----------+------+
|      |Instance |Module     |Cells |
+------+---------+-----------+------+
|1     |top      |           |    90|
|2     |  M1     |monoimpuls |    41|
+------+---------+-----------+------+
---------------------------------------------------------------------------------
Finished Writing Synthesis Report : Time (s): cpu = 00:00:43 ; elapsed = 00:00:45 . Memory (MB): peak = 1009.543 ; gain = 408.277
---------------------------------------------------------------------------------
Synthesis finished with 0 errors, 0 critical warnings and 35 warnings.
Synthesis Optimization Runtime : Time (s): cpu = 00:00:35 ; elapsed = 00:00:42 . Memory (MB): peak = 1009.543 ; gain = 334.047
Synthesis Optimization Complete : Time (s): cpu = 00:00:44 ; elapsed = 00:00:45 . Memory (MB): peak = 1009.543 ; gain = 408.277
INFO: [Project 1-571] Translating synthesized netlist
Netlist sorting complete. Time (s): cpu = 00:00:00 ; elapsed = 00:00:00.002 . Memory (MB): peak = 1020.613 ; gain = 0.000
INFO: [Netlist 29-17] Analyzing 6 Unisim elements for replacement
INFO: [Netlist 29-28] Unisim Transformation completed in 0 CPU seconds
INFO: [Project 1-570] Preparing netlist for logic optimization
INFO: [Opt 31-138] Pushed 0 inverter(s) to 0 load pin(s).
Netlist sorting complete. Time (s): cpu = 00:00:00 ; elapsed = 00:00:00.001 . Memory (MB): peak = 1022.250 ; gain = 0.000
INFO: [Project 1-111] Unisim Transformation Summary:
No Unisim elements were transformed.

INFO: [Common 17-83] Releasing license: Synthesis
23 Infos, 73 Warnings, 0 Critical Warnings and 0 Errors encountered.
synth_design completed successfully
synth_design: Time (s): cpu = 00:00:50 ; elapsed = 00:00:52 . Memory (MB): peak = 1022.250 ; gain = 717.246
Netlist sorting complete. Time (s): cpu = 00:00:00 ; elapsed = 00:00:00 . Memory (MB): peak = 1022.250 ; gain = 0.000
WARNING: [Constraints 18-5210] No constraints selected for write.
Resolution: This message can indicate that there are no constraints for the design, or it can indicate that the used_in flags are set such that the constraints are ignored. This later case is used when running synth_design to not write synthesis constraints to the resulting checkpoint. Instead, project constraints are read when the synthesized design is opened.
INFO: [Common 17-1381] The checkpoint 'C:/Users/bianc/Desktop/Facultate/An2/Sem 2/AC/Memorii/Memorii.runs/synth_1/test_env.dcp' has been generated.
INFO: [runtcl-4] Executing : report_utilization -file test_env_utilization_synth.rpt -pb test_env_utilization_synth.pb
INFO: [Common 17-206] Exiting Vivado at Wed Mar 25 15:53:33 2020...
